This is XeTeX, Version 3.14159265-2.6-0.999992 (MiKTeX 2.9.7300 64-bit) (preloaded format=xelatex 2020.3.12)  2 SEP 2020 15:11
entering extended mode
**"./cal_center -0901.tex"
("cal_center -0901.tex"
LaTeX2e <2020-02-02> patch level 5
L3 programming layer <2020-03-06>
(D:\Other_All\Application\MikTex\tex/latex/base\article.cls
Document Class: article 2019/12/20 v1.4l Standard LaTeX document class
(D:\Other_All\Application\MikTex\tex/latex/base\size11.clo
File: size11.clo 2019/12/20 v1.4l Standard LaTeX file (size option)
)
\c@part=\count163
\c@section=\count164
\c@subsection=\count165
\c@subsubsection=\count166
\c@paragraph=\count167
\c@subparagraph=\count168
\c@figure=\count169
\c@table=\count170
\abovecaptionskip=\skip47
\belowcaptionskip=\skip48
\bibindent=\dimen134
)
(D:\Other_All\Application\MikTex\tex/latex/base\fontenc.sty
Package: fontenc 2020/02/11 v2.0o Standard LaTeX package
LaTeX Font Info:    Trying to load font information for T1+lmr on input line 11
2.

(D:\Other_All\Application\MikTex\tex/latex/lm\t1lmr.fd
File: t1lmr.fd 2009/10/30 v1.6 Font defs for Latin Modern
))
(D:\Other_All\Application\MikTex\tex/latex/psnfss\mathpazo.sty
Package: mathpazo 2005/04/12 PSNFSS-v9.2a Palatino w/ Pazo Math (D.Puga, WaS) 
\symupright=\mathgroup4
)
(D:\Other_All\Application\MikTex\tex/latex/graphics\graphicx.sty
Package: graphicx 2019/11/30 v1.2a Enhanced LaTeX Graphics (DPC,SPQR)

(D:\Other_All\Application\MikTex\tex/latex/graphics\keyval.sty
Package: keyval 2014/10/28 v1.15 key=value parser (DPC)
\KV@toks@=\toks15
)
(D:\Other_All\Application\MikTex\tex/latex/graphics\graphics.sty
Package: graphics 2019/11/30 v1.4a Standard LaTeX Graphics (DPC,SPQR)

(D:\Other_All\Application\MikTex\tex/latex/graphics\trig.sty
Package: trig 2016/01/03 v1.10 sin cos tan (DPC)
)
(D:\Other_All\Application\MikTex\tex/latex/graphics-cfg\graphics.cfg
File: graphics.cfg 2016/06/04 v1.11 sample graphics configuration
)
Package graphics Info: Driver file: xetex.def on input line 105.

(D:\Other_All\Application\MikTex\tex/latex/graphics-def\xetex.def
File: xetex.def 2017/06/24 v5.0h Graphics/color driver for xetex
))
\Gin@req@height=\dimen135
\Gin@req@width=\dimen136
)
(D:\Other_All\Application\MikTex\tex/latex/caption\caption.sty
Package: caption 2020/01/03 v3.4h Customizing captions (AR)

(D:\Other_All\Application\MikTex\tex/latex/caption\caption3.sty
Package: caption3 2020/01/03 v1.8h caption3 kernel (AR)
Package caption3 Info: TeX engine: e-TeX on input line 61.
\captionmargin=\dimen137
\captionmargin@=\dimen138
\captionwidth=\dimen139
\caption@tempdima=\dimen140
\caption@indent=\dimen141
\caption@parindent=\dimen142
\caption@hangindent=\dimen143
Package caption Info: Standard document class detected.
)
\c@caption@flags=\count171
\c@continuedfloat=\count172
)
(D:\Other_All\Application\MikTex\tex/latex/adjustbox\adjustbox.sty
Package: adjustbox 2019/01/04 v1.2 Adjusting TeX boxes (trim, clip, ...)

(D:\Other_All\Application\MikTex\tex/latex/xkeyval\xkeyval.sty
Package: xkeyval 2014/12/03 v2.7a package option processing (HA)

(D:\Other_All\Application\MikTex\tex/generic/xkeyval\xkeyval.tex
(D:\Other_All\Application\MikTex\tex/generic/xkeyval\xkvutils.tex
\XKV@toks=\toks16
\XKV@tempa@toks=\toks17
)
\XKV@depth=\count173
File: xkeyval.tex 2014/12/03 v2.7a key=value parser (HA)
))
(D:\Other_All\Application\MikTex\tex/latex/adjustbox\adjcalc.sty
Package: adjcalc 2012/05/16 v1.1 Provides advanced setlength with multiple back
-ends (calc, etex, pgfmath)
)
(D:\Other_All\Application\MikTex\tex/latex/adjustbox\trimclip.sty
Package: trimclip 2018/04/08 v1.1 Trim and clip general TeX material

(D:\Other_All\Application\MikTex\tex/latex/collectbox\collectbox.sty
Package: collectbox 2012/05/17 v0.4b Collect macro arguments as boxes
\collectedbox=\box45
)
\tc@llx=\dimen144
\tc@lly=\dimen145
\tc@urx=\dimen146
\tc@ury=\dimen147
Package trimclip Info: Using driver 'tc-xetex.def'.

(D:\Other_All\Application\MikTex\tex/latex/adjustbox\tc-xetex.def
File: tc-xetex.def 2019/01/04 v2.2 Clipping driver for xetex
))
\adjbox@Width=\dimen148
\adjbox@Height=\dimen149
\adjbox@Depth=\dimen150
\adjbox@Totalheight=\dimen151
\adjbox@pwidth=\dimen152
\adjbox@pheight=\dimen153
\adjbox@pdepth=\dimen154
\adjbox@ptotalheight=\dimen155

(D:\Other_All\Application\MikTex\tex/latex/ifoddpage\ifoddpage.sty
Package: ifoddpage 2016/04/23 v1.1 Conditionals for odd/even page detection
\c@checkoddpage=\count174
)
(D:\Other_All\Application\MikTex\tex/latex/varwidth\varwidth.sty
Package: varwidth 2009/03/30 ver 0.92;  Variable-width minipages
\@vwid@box=\box46
\sift@deathcycles=\count175
\@vwid@loff=\dimen156
\@vwid@roff=\dimen157
))
(D:\Other_All\Application\MikTex\tex/latex/xcolor\xcolor.sty
Package: xcolor 2016/05/11 v2.12 LaTeX color extensions (UK)

(D:\Other_All\Application\MikTex\tex/latex/graphics-cfg\color.cfg
File: color.cfg 2016/01/02 v1.6 sample color configuration
)
Package xcolor Info: Driver file: xetex.def on input line 225.
Package xcolor Info: Model `cmy' substituted by `cmy0' on input line 1348.
Package xcolor Info: Model `RGB' extended on input line 1364.
Package xcolor Info: Model `HTML' substituted by `rgb' on input line 1366.
Package xcolor Info: Model `Hsb' substituted by `hsb' on input line 1367.
Package xcolor Info: Model `tHsb' substituted by `hsb' on input line 1368.
Package xcolor Info: Model `HSB' substituted by `hsb' on input line 1369.
Package xcolor Info: Model `Gray' substituted by `gray' on input line 1370.
Package xcolor Info: Model `wave' substituted by `hsb' on input line 1371.
)
(D:\Other_All\Application\MikTex\tex/latex/tools\enumerate.sty
Package: enumerate 2015/07/23 v3.00 enumerate extensions (DPC)
\@enLab=\toks18
)
(D:\Other_All\Application\MikTex\tex/latex/geometry\geometry.sty
Package: geometry 2020/01/02 v5.9 Page Geometry

(D:\Other_All\Application\MikTex\tex/generic/iftex\ifvtex.sty
Package: ifvtex 2019/10/25 v1.7 ifvtex legacy package. Use iftex instead.

(D:\Other_All\Application\MikTex\tex/generic/iftex\iftex.sty
Package: iftex 2020/03/06 v1.0d TeX engine tests
))
\Gm@cnth=\count176
\Gm@cntv=\count177
\c@Gm@tempcnt=\count178
\Gm@bindingoffset=\dimen158
\Gm@wd@mp=\dimen159
\Gm@odd@mp=\dimen160
\Gm@even@mp=\dimen161
\Gm@layoutwidth=\dimen162
\Gm@layoutheight=\dimen163
\Gm@layouthoffset=\dimen164
\Gm@layoutvoffset=\dimen165
\Gm@dimlist=\toks19

(D:\Other_All\Application\MikTex\tex/xelatex/xetexconfig\geometry.cfg))
(D:\Other_All\Application\MikTex\tex/latex/amsmath\amsmath.sty
Package: amsmath 2020/01/20 v2.17e AMS math features
\@mathmargin=\skip49

For additional information on amsmath, use the `?' option.
(D:\Other_All\Application\MikTex\tex/latex/amsmath\amstext.sty
Package: amstext 2000/06/29 v2.01 AMS text

(D:\Other_All\Application\MikTex\tex/latex/amsmath\amsgen.sty
File: amsgen.sty 1999/11/30 v2.0 generic functions
\@emptytoks=\toks20
\ex@=\dimen166
))
(D:\Other_All\Application\MikTex\tex/latex/amsmath\amsbsy.sty
Package: amsbsy 1999/11/29 v1.2d Bold Symbols
\pmbraise@=\dimen167
)
(D:\Other_All\Application\MikTex\tex/latex/amsmath\amsopn.sty
Package: amsopn 2016/03/08 v2.02 operator names
)
\inf@bad=\count179
LaTeX Info: Redefining \frac on input line 227.
\uproot@=\count180
\leftroot@=\count181
LaTeX Info: Redefining \overline on input line 389.
\classnum@=\count182
\DOTSCASE@=\count183
LaTeX Info: Redefining \ldots on input line 486.
LaTeX Info: Redefining \dots on input line 489.
LaTeX Info: Redefining \cdots on input line 610.
\Mathstrutbox@=\box47
\strutbox@=\box48
\big@size=\dimen168
LaTeX Font Info:    Redeclaring font encoding OML on input line 733.
LaTeX Font Info:    Redeclaring font encoding OMS on input line 734.
\macc@depth=\count184
\c@MaxMatrixCols=\count185
\dotsspace@=\muskip16
\c@parentequation=\count186
\dspbrk@lvl=\count187
\tag@help=\toks21
\row@=\count188
\column@=\count189
\maxfields@=\count190
\andhelp@=\toks22
\eqnshift@=\dimen169
\alignsep@=\dimen170
\tagshift@=\dimen171
\tagwidth@=\dimen172
\totwidth@=\dimen173
\lineht@=\dimen174
\@envbody=\toks23
\multlinegap=\skip50
\multlinetaggap=\skip51
\mathdisplay@stack=\toks24
LaTeX Info: Redefining \[ on input line 2859.
LaTeX Info: Redefining \] on input line 2860.
)
(D:\Other_All\Application\MikTex\tex/latex/amsfonts\amssymb.sty
Package: amssymb 2013/01/14 v3.01 AMS font symbols

(D:\Other_All\Application\MikTex\tex/latex/amsfonts\amsfonts.sty
Package: amsfonts 2013/01/14 v3.01 Basic AMSFonts support
\symAMSa=\mathgroup5
\symAMSb=\mathgroup6
LaTeX Font Info:    Redeclaring math symbol \hbar on input line 98.
LaTeX Font Info:    Overwriting math alphabet `\mathfrak' in version `bold'
(Font)                  U/euf/m/n --> U/euf/b/n on input line 106.
))
(D:\Other_All\Application\MikTex\tex/latex/base\textcomp.sty
Package: textcomp 2020/02/02 v2.0n Standard LaTeX package
)
(D:\Other_All\Application\MikTex\tex/latex/upquote\upquote.sty
Package: upquote 2012/04/19 v1.3 upright-quote and grave-accent glyphs in verba
tim
)
(D:\Other_All\Application\MikTex\tex/latex/eurosym\eurosym.sty
Package: eurosym 1998/08/06 v1.1 European currency symbol ``Euro''
\@eurobox=\box49
)
(D:\Other_All\Application\MikTex\tex/latex/ucs\ucs.sty
Package: ucs 2013/05/11 v2.2 UCS: Unicode input support

(D:\Other_All\Application\MikTex\tex/latex/ucs\uni-global.def
File: uni-global.def 2013/05/13 UCS: Unicode global data
)
\uc@secondtry=\count191
\uc@combtoks=\toks25
\uc@combtoksb=\toks26
\uc@temptokena=\toks27
)
(D:\Other_All\Application\MikTex\tex/latex/base\inputenc.sty
Package: inputenc 2018/08/11 v1.3c Input encoding file
\inpenc@prehook=\toks28
\inpenc@posthook=\toks29


Package inputenc Warning: inputenc package ignored with utf8 based engines.

) (D:\Other_All\Application\MikTex\tex/latex/fancyvrb\fancyvrb.sty
Package: fancyvrb 2020/01/13 v3.5 verbatim text (tvz,hv)
\FV@CodeLineNo=\count192
\FV@InFile=\read2
\FV@TabBox=\box50
\c@FancyVerbLine=\count193
\FV@StepNumber=\count194
\FV@OutFile=\write3
)
(D:\Other_All\Application\MikTex\tex/latex/grffile\grffile.sty
Package: grffile 2019/11/11 v2.1 Extended file name support for graphics (legac
y)
Package grffile Info: This package is an empty stub for compatibility on input 
line 40.
)
(D:\Other_All\Application\MikTex\tex/latex/hyperref\hyperref.sty
Package: hyperref 2020/01/14 v7.00d Hypertext links for LaTeX

(D:\Other_All\Application\MikTex\tex/generic/ltxcmds\ltxcmds.sty
Package: ltxcmds 2019/12/15 v1.24 LaTeX kernel commands for general use (HO)
)
(C:\Users\halle\AppData\Roaming\MiKTeX\2.9\tex/latex/pdftexcmds\pdftexcmds.sty
Package: pdftexcmds 2019/11/24 v0.31 Utility functions of pdfTeX for LuaTeX (HO
)

(D:\Other_All\Application\MikTex\tex/generic/infwarerr\infwarerr.sty
Package: infwarerr 2019/12/03 v1.5 Providing info/warning/error messages (HO)
)
Package pdftexcmds Info: \pdf@primitive is available.
Package pdftexcmds Info: \pdf@ifprimitive is available.
Package pdftexcmds Info: \pdfdraftmode not found.
)
(D:\Other_All\Application\MikTex\tex/generic/kvsetkeys\kvsetkeys.sty
Package: kvsetkeys 2019/12/15 v1.18 Key value parser (HO)
)
(D:\Other_All\Application\MikTex\tex/generic/kvdefinekeys\kvdefinekeys.sty
Package: kvdefinekeys 2019-12-19 v1.6 Define keys (HO)
)
(D:\Other_All\Application\MikTex\tex/generic/pdfescape\pdfescape.sty
Package: pdfescape 2019/12/09 v1.15 Implements pdfTeX's escape features (HO)
)
(D:\Other_All\Application\MikTex\tex/latex/hycolor\hycolor.sty
Package: hycolor 2020-01-27 v1.10 Color options for hyperref/bookmark (HO)
)
(D:\Other_All\Application\MikTex\tex/latex/letltxmacro\letltxmacro.sty
Package: letltxmacro 2019/12/03 v1.6 Let assignment for LaTeX macros (HO)
)
(D:\Other_All\Application\MikTex\tex/latex/auxhook\auxhook.sty
Package: auxhook 2019-12-17 v1.6 Hooks for auxiliary files (HO)
)
(D:\Other_All\Application\MikTex\tex/latex/kvoptions\kvoptions.sty
Package: kvoptions 2019/11/29 v3.13 Key value format for package options (HO)
)
\@linkdim=\dimen175
\Hy@linkcounter=\count195
\Hy@pagecounter=\count196

(D:\Other_All\Application\MikTex\tex/latex/hyperref\pd1enc.def
File: pd1enc.def 2020/01/14 v7.00d Hyperref: PDFDocEncoding definition (HO)
)
(D:\Other_All\Application\MikTex\tex/generic/intcalc\intcalc.sty
Package: intcalc 2019/12/15 v1.3 Expandable calculations with integers (HO)
)
(D:\Other_All\Application\MikTex\tex/generic/etexcmds\etexcmds.sty
Package: etexcmds 2019/12/15 v1.7 Avoid name clashes with e-TeX commands (HO)
)
\Hy@SavedSpaceFactor=\count197
Package hyperref Info: Hyper figures OFF on input line 4547.
Package hyperref Info: Link nesting OFF on input line 4552.
Package hyperref Info: Hyper index ON on input line 4555.
Package hyperref Info: Plain pages OFF on input line 4562.
Package hyperref Info: Backreferencing OFF on input line 4567.
Package hyperref Info: Implicit mode ON; LaTeX internals redefined.
Package hyperref Info: Bookmarks ON on input line 4800.
\c@Hy@tempcnt=\count198

(D:\Other_All\Application\MikTex\tex/latex/url\url.sty
\Urlmuskip=\muskip17
Package: url 2013/09/16  ver 3.4  Verb mode for urls, etc.
)
LaTeX Info: Redefining \url on input line 5159.
\XeTeXLinkMargin=\dimen176

(D:\Other_All\Application\MikTex\tex/generic/bitset\bitset.sty
Package: bitset 2019/12/09 v1.3 Handle bit-vector datatype (HO)

(D:\Other_All\Application\MikTex\tex/generic/bigintcalc\bigintcalc.sty
Package: bigintcalc 2019/12/15 v1.5 Expandable calculations on big integers (HO
)
))
\Fld@menulength=\count199
\Field@Width=\dimen177
\Fld@charsize=\dimen178
Package hyperref Info: Hyper figures OFF on input line 6430.
Package hyperref Info: Link nesting OFF on input line 6435.
Package hyperref Info: Hyper index ON on input line 6438.
Package hyperref Info: backreferencing OFF on input line 6445.
Package hyperref Info: Link coloring OFF on input line 6450.
Package hyperref Info: Link coloring with OCG OFF on input line 6455.
Package hyperref Info: PDF/A mode OFF on input line 6460.
LaTeX Info: Redefining \ref on input line 6500.
LaTeX Info: Redefining \pageref on input line 6504.

(D:\Other_All\Application\MikTex\tex/generic/atbegshi\atbegshi.sty
Package: atbegshi 2019/12/05 v1.19 At begin shipout hook (HO)
)
\Hy@abspage=\count266
\c@Item=\count267
\c@Hfootnote=\count268
)
Package hyperref Info: Driver (autodetected): hxetex.

(D:\Other_All\Application\MikTex\tex/latex/hyperref\hxetex.def
File: hxetex.def 2020/01/14 v7.00d Hyperref driver for XeTeX

(D:\Other_All\Application\MikTex\tex/latex/hyperref\puenc.def
File: puenc.def 2020/01/14 v7.00d Hyperref: PDF Unicode definition (HO)
)
(D:\Other_All\Application\MikTex\tex/generic/stringenc\stringenc.sty
Package: stringenc 2019/11/29 v1.12 Convert strings between diff. encodings (HO
)
)
\pdfm@box=\box51
\c@Hy@AnnotLevel=\count269
\HyField@AnnotCount=\count270
\Fld@listcount=\count271
\c@bookmark@seq@number=\count272

(D:\Other_All\Application\MikTex\tex/latex/rerunfilecheck\rerunfilecheck.sty
Package: rerunfilecheck 2019/12/05 v1.9 Rerun checks for auxiliary files (HO)

(D:\Other_All\Application\MikTex\tex/latex/atveryend\atveryend.sty
Package: atveryend 2019-12-11 v1.11 Hooks at the very end of document (HO)
Package atveryend Info: \enddocument detected (standard20110627).
)
(D:\Other_All\Application\MikTex\tex/generic/uniquecounter\uniquecounter.sty
Package: uniquecounter 2019/12/15 v1.4 Provide unlimited unique counter (HO)
)
Package uniquecounter Info: New unique counter `rerunfilecheck' on input line 2
86.
)
\Hy@SectionHShift=\skip52
) (D:\Other_All\Application\MikTex\tex/latex/tools\longtable.sty
Package: longtable 2020/01/07 v4.13 Multi-page Table package (DPC)
\LTleft=\skip53
\LTright=\skip54
\LTpre=\skip55
\LTpost=\skip56
\LTchunksize=\count273
\LTcapwidth=\dimen179
\LT@head=\box52
\LT@firsthead=\box53
\LT@foot=\box54
\LT@lastfoot=\box55
\LT@cols=\count274
\LT@rows=\count275
\c@LT@tables=\count276
\c@LT@chunks=\count277
\LT@p@ftn=\toks30
)
(D:\Other_All\Application\MikTex\tex/latex/booktabs\booktabs.sty
Package: booktabs 2020/01/12 v1.61803398 Publication quality tables
\heavyrulewidth=\dimen180
\lightrulewidth=\dimen181
\cmidrulewidth=\dimen182
\belowrulesep=\dimen183
\belowbottomsep=\dimen184
\aboverulesep=\dimen185
\abovetopsep=\dimen186
\cmidrulesep=\dimen187
\cmidrulekern=\dimen188
\defaultaddspace=\dimen189
\@cmidla=\count278
\@cmidlb=\count279
\@aboverulesep=\dimen190
\@belowrulesep=\dimen191
\@thisruleclass=\count280
\@lastruleclass=\count281
\@thisrulewidth=\dimen192
)
(D:\Other_All\Application\MikTex\tex/latex/enumitem\enumitem.sty
Package: enumitem 2019/06/20 v3.9 Customized lists
\labelindent=\skip57
\enit@outerparindent=\dimen193
\enit@toks=\toks31
\enit@inbox=\box56
\enit@count@id=\count282
\enitdp@description=\count283
)
(D:\Other_All\Application\MikTex\tex/latex/ulem\ulem.sty
\UL@box=\box57
\UL@hyphenbox=\box58
\UL@skip=\skip58
\UL@hook=\toks32
\UL@height=\dimen194
\UL@pe=\count284
\UL@pixel=\dimen195
\ULC@box=\box59
Package: ulem 2019/11/18
\ULdepth=\dimen196
)
(D:\Other_All\Application\MikTex\tex/latex/jknappen\mathrsfs.sty
Package: mathrsfs 1996/01/01 Math RSFS package v1.0 (jk)
\symrsfs=\mathgroup7
)
Package hyperref Info: Option `breaklinks' set `true' on input line 278.
Package hyperref Info: Option `colorlinks' set `true' on input line 278.

(D:\Other_All\Application\MikTex\tex/latex/l3backend\l3backend-xdvipdfmx.def
File: l3backend-xdvipdfmx.def 2020-02-23 L3 backend support: xdvipdfmx
\g__graphics_track_int=\count285
\l__pdf_internal_box=\box60
\g__pdf_backend_object_int=\count286
\g__pdf_backend_annotation_int=\count287
)
("cal_center -0901.aux")
\openout1 = `"cal_center -0901.aux"'.

LaTeX Font Info:    Checking defaults for OML/cmm/m/it on input line 285.
LaTeX Font Info:    ... okay on input line 285.
LaTeX Font Info:    Checking defaults for OMS/cmsy/m/n on input line 285.
LaTeX Font Info:    ... okay on input line 285.
LaTeX Font Info:    Checking defaults for OT1/cmr/m/n on input line 285.
LaTeX Font Info:    ... okay on input line 285.
LaTeX Font Info:    Checking defaults for T1/cmr/m/n on input line 285.
LaTeX Font Info:    ... okay on input line 285.
LaTeX Font Info:    Checking defaults for TS1/cmr/m/n on input line 285.
LaTeX Font Info:    Trying to load font information for TS1+cmr on input line 2
85.

(D:\Other_All\Application\MikTex\tex/latex/base\ts1cmr.fd
File: ts1cmr.fd 2019/12/16 v2.5j Standard LaTeX font definitions
)
LaTeX Font Info:    ... okay on input line 285.
LaTeX Font Info:    Checking defaults for TU/lmr/m/n on input line 285.
LaTeX Font Info:    ... okay on input line 285.
LaTeX Font Info:    Checking defaults for OMX/cmex/m/n on input line 285.
LaTeX Font Info:    ... okay on input line 285.
LaTeX Font Info:    Checking defaults for U/cmr/m/n on input line 285.
LaTeX Font Info:    ... okay on input line 285.
LaTeX Font Info:    Checking defaults for PD1/pdf/m/n on input line 285.
LaTeX Font Info:    ... okay on input line 285.
LaTeX Font Info:    Checking defaults for PU/pdf/m/n on input line 285.
LaTeX Font Info:    ... okay on input line 285.
LaTeX Font Info:    Trying to load font information for T1+ppl on input line 28
5.

(D:\Other_All\Application\MikTex\tex/latex/psnfss\t1ppl.fd
File: t1ppl.fd 2001/06/04 font definitions for T1/ppl.
)
Package caption Info: Begin \AtBeginDocument code.
Package caption Info: hyperref package is loaded.
Package caption Info: longtable package is loaded.

(D:\Other_All\Application\MikTex\tex/latex/caption\ltcaption.sty
Package: ltcaption 2018/08/26 v1.4a longtable captions (AR)
)
Package caption Info: End \AtBeginDocument code.

*geometry* detected driver: pdftex
*geometry* verbose mode - [ preamble ] result:
* driver: pdftex
* paper: <default>
* layout: <same size as paper>
* layoutoffset:(h,v)=(0.0pt,0.0pt)
* modes: 
* h-part:(L,W,R)=(72.26999pt, 469.75502pt, 72.26999pt)
* v-part:(T,H,B)=(72.26999pt, 650.43001pt, 72.26999pt)
* \paperwidth=614.295pt
* \paperheight=794.96999pt
* \textwidth=469.75502pt
* \textheight=650.43001pt
* \oddsidemargin=0.0pt
* \evensidemargin=0.0pt
* \topmargin=-37.0pt
* \headheight=12.0pt
* \headsep=25.0pt
* \topskip=11.0pt
* \footskip=30.0pt
* \marginparwidth=59.0pt
* \marginparsep=10.0pt
* \columnsep=10.0pt
* \skip\footins=10.0pt plus 4.0pt minus 2.0pt
* \hoffset=0.0pt
* \voffset=0.0pt
* \mag=1000
* \@twocolumnfalse
* \@twosidefalse
* \@mparswitchfalse
* \@reversemarginfalse
* (1in=72.27pt=25.4mm, 1cm=28.453pt)

(D:\Other_All\Application\MikTex\tex/latex/ucs\ucsencs.def
File: ucsencs.def 2011/01/21 Fixes to fontencodings LGR, T3
)
\AtBeginShipoutBox=\box61
Package hyperref Info: Link coloring ON on input line 285.

(D:\Other_All\Application\MikTex\tex/latex/hyperref\nameref.sty
Package: nameref 2019/09/16 v2.46 Cross-referencing by name of section

(D:\Other_All\Application\MikTex\tex/latex/refcount\refcount.sty
Package: refcount 2019/12/15 v3.6 Data extraction from label references (HO)
)
(D:\Other_All\Application\MikTex\tex/generic/gettitlestring\gettitlestring.sty
Package: gettitlestring 2019/12/15 v1.6 Cleanup title references (HO)
)
\c@section@level=\count288
)
LaTeX Info: Redefining \ref on input line 285.
LaTeX Info: Redefining \pageref on input line 285.
LaTeX Info: Redefining \nameref on input line 285.
 ("cal_center -0901.out") ("cal_center -0901.out")
\@outlinefile=\write4
\openout4 = `"cal_center -0901.out"'.

LaTeX Font Info:    Trying to load font information for OT1+ppl on input line 2
89.

(D:\Other_All\Application\MikTex\tex/latex/psnfss\ot1ppl.fd
File: ot1ppl.fd 2001/06/04 font definitions for OT1/ppl.
)
LaTeX Font Info:    Trying to load font information for OML+zplm on input line 
289.

(D:\Other_All\Application\MikTex\tex/latex/psnfss\omlzplm.fd
File: omlzplm.fd 2002/09/08 Fontinst v1.914 font definitions for OML/zplm.
)
LaTeX Font Info:    Trying to load font information for OMS+zplm on input line 
289.

(D:\Other_All\Application\MikTex\tex/latex/psnfss\omszplm.fd
File: omszplm.fd 2002/09/08 Fontinst v1.914 font definitions for OMS/zplm.
)
LaTeX Font Info:    Trying to load font information for OMX+zplm on input line 
289.

(D:\Other_All\Application\MikTex\tex/latex/psnfss\omxzplm.fd
File: omxzplm.fd 2002/09/08 Fontinst v1.914 font definitions for OMX/zplm.
)
LaTeX Font Info:    Trying to load font information for OT1+zplm on input line 
289.

(D:\Other_All\Application\MikTex\tex/latex/psnfss\ot1zplm.fd
File: ot1zplm.fd 2002/09/08 Fontinst v1.914 font definitions for OT1/zplm.
)
LaTeX Font Info:    Font shape `U/msa/m/n' will be
(Font)              scaled to size 12.50409pt on input line 289.
LaTeX Font Info:    Font shape `U/msa/m/n' will be
(Font)              scaled to size 9.37807pt on input line 289.
LaTeX Font Info:    Font shape `U/msa/m/n' will be
(Font)              scaled to size 7.29405pt on input line 289.
LaTeX Font Info:    Font shape `U/msb/m/n' will be
(Font)              scaled to size 12.50409pt on input line 289.
LaTeX Font Info:    Font shape `U/msb/m/n' will be
(Font)              scaled to size 9.37807pt on input line 289.
LaTeX Font Info:    Font shape `U/msb/m/n' will be
(Font)              scaled to size 7.29405pt on input line 289.
LaTeX Font Info:    Trying to load font information for U+rsfs on input line 28
9.

(D:\Other_All\Application\MikTex\tex/latex/jknappen\ursfs.fd
File: ursfs.fd 1998/03/24 rsfs font definition file (jk)
)

LaTeX Warning: No \author given.

LaTeX Font Info:    Trying to load font information for T1+lmtt on input line 2
93.
(D:\Other_All\Application\MikTex\tex/latex/lm\t1lmtt.fd
File: t1lmtt.fd 2009/10/30 v1.6 Font defs for Latin Modern
)
LaTeX Font Info:    Font shape `T1/lmtt/bx/n' in size <10.95> not available
(Font)              Font shape `T1/lmtt/b/n' tried instead on input line 294.
LaTeX Font Info:    Trying to load font information for TS1+lmtt on input line 
299.

(D:\Other_All\Application\MikTex\tex/latex/lm\ts1lmtt.fd
File: ts1lmtt.fd 2009/10/30 v1.6 Font defs for Latin Modern
)
Missing character: There is no 东 in font ec-lmtt10!
Missing character: There is no 北 in font ec-lmtt10!
Missing character: There is no 风 in font ec-lmtt10!
Missing character: There is no 此 in font ec-lmtt10!
Missing character: There is no 图 in font ec-lmtt10!
Missing character: There is no 经 in font ec-lmtt10!
Missing character: There is no 过 in font ec-lmtt10!
Missing character: There is no 放 in font ec-lmtt10!
Missing character: There is no 缩 in font ec-lmtt10!
Missing character: There is no 后 in font ec-lmtt10!
Missing character: There is no 续 in font ec-lmtt10!
Missing character: There is no 数 in font ec-lmtt10!
Missing character: There is no 据 in font ec-lmtt10!
Missing character: There is no 无 in font ec-lmtt10!
Missing character: There is no 法 in font ec-lmtt10!
Missing character: There is no 用 in font ec-lmtt10!
Missing character: There is no 于 in font ec-lmtt10!
Missing character: There is no 分 in font ec-lmtt10!
Missing character: There is no 析 in font ec-lmtt10!
File: output_0_0.png Graphic file (type bmp)
<output_0_0.png>

(D:\Other_All\Application\MikTex\tex/generic/stringenc\se-ascii-print.def
File: se-ascii-print.def 2019/11/29 v1.12 stringenc: Printable ASCII characters

)
[1

]
Underfull \hbox (badness 10000) in paragraph at lines 329--330

 []

File: output_0_1.png Graphic file (type bmp)
<output_0_1.png>

Underfull \hbox (badness 10000) in paragraph at lines 334--335

 []

Missing character: There is no 项 in font pplb8t!
Missing character: There is no 目 in font pplb8t!
Missing character: There is no 记 in font pplb8t!
Missing character: There is no 录 in font pplb8t!
Missing character: There is no ： in font pplb8t!
Missing character: There is no 月 in font pplr8t!
Missing character: There is no 日 in font pplr8t!
Missing character: There is no ： in font pplr8t!
Missing character: There is no 完 in font pplr8t!
Missing character: There is no 善 in font pplr8t!
Missing character: There is no 了 in font pplr8t!
Missing character: There is no 个 in font pplr8t!
Missing character: There is no 风 in font pplr8t!
Missing character: There is no 向 in font pplr8t!
Missing character: There is no 的 in font pplr8t!
Missing character: There is no 情 in font pplr8t!
Missing character: There is no 况 in font pplr8t!
Missing character: There is no ， in font pplr8t!
Missing character: There is no 封 in font pplr8t!
Missing character: There is no 装 in font pplr8t!
Missing character: There is no 该 in font pplr8t!
Missing character: There is no 交 in font pplr8t!
Missing character: There is no 点 in font pplr8t!
Missing character: There is no 返 in font pplr8t!
Missing character: There is no 回 in font pplr8t!
Missing character: There is no 功 in font pplr8t!
Missing character: There is no 能 in font pplr8t!
Missing character: There is no 聚 in font pplr8t!
Missing character: There is no 类 in font pplr8t!
Missing character: There is no 算 in font pplr8t!
Missing character: There is no 法 in font pplr8t!
Missing character: There is no 复 in font pplr8t!
Missing character: There is no 杂 in font pplr8t!
Missing character: There is no 度 in font pplr8t!
Missing character: There is no 过 in font pplr8t!
Missing character: There is no 高 in font pplr8t!
Missing character: There is no ， in font pplr8t!
Missing character: There is no 不 in font pplr8t!
Missing character: There is no 宜 in font pplr8t!
Missing character: There is no 用 in font pplr8t!
Missing character: There is no 于 in font pplr8t!
Missing character: There is no 此 in font pplr8t!
Missing character: There is no 项 in font pplr8t!
Missing character: There is no 目 in font pplr8t!
Missing character: There is no ， in font pplr8t!
Missing character: There is no 电 in font pplr8t!
Missing character: There is no 脑 in font pplr8t!
Missing character: There is no 根 in font pplr8t!
Missing character: There is no 本 in font pplr8t!
Missing character: There is no 无 in font pplr8t!
Missing character: There is no 法 in font pplr8t!
Missing character: There is no 满 in font pplr8t!
Missing character: There is no 足 in font pplr8t!
Missing character: There is no 要 in font pplr8t!
Missing character: There is no 求 in font pplr8t!
Missing character: There is no 可 in font pplr8t!
Missing character: There is no 以 in font pplr8t!
Missing character: There is no 采 in font pplr8t!
Missing character: There is no 用 in font pplr8t!
Missing character: There is no 远 in font pplr8t!
Missing character: There is no 离 in font pplr8t!
Missing character: There is no 海 in font pplr8t!
Missing character: There is no 岸 in font pplr8t!
Missing character: There is no 的 in font pplr8t!
Missing character: There is no 水 in font pplr8t!
Missing character: There is no 流 in font pplr8t!
Missing character: There is no 阻 in font pplr8t!
Missing character: There is no 尼 in font pplr8t!
Missing character: There is no 减 in font pplr8t!
Missing character: There is no 少 in font pplr8t!
Missing character: There is no 模 in font pplr8t!
Missing character: There is no 型 in font pplr8t!
Missing character: There is no 减 in font pplr8t!
Missing character: There is no 少 in font pplr8t!
Missing character: There is no 杂 in font pplr8t!
Missing character: There is no 点 in font pplr8t!
Missing character: There is no 可 in font pplr8t!
Missing character: There is no 以 in font pplr8t!
Missing character: There is no 采 in font pplr8t!
Missing character: There is no 用 in font pplr8t!
Missing character: There is no 概 in font pplr8t!
Missing character: There is no 率 in font pplr8t!
Missing character: There is no 分 in font pplr8t!
Missing character: There is no 布 in font pplr8t!
Missing character: There is no 的 in font pplr8t!
Missing character: There is no 形 in font pplr8t!
Missing character: There is no 式 in font pplr8t!
Missing character: There is no ， in font pplr8t!
Missing character: There is no 找 in font pplr8t!
Missing character: There is no 到 in font pplr8t!
Missing character: There is no 可 in font pplr8t!
Missing character: There is no 能 in font pplr8t!
Missing character: There is no 的 in font pplr8t!
Missing character: There is no 峰 in font pplr8t!
Missing character: There is no 。 in font pplr8t!
Missing character: There is no 离 in font pplr8t!
Missing character: There is no 散 in font pplr8t!
Missing character: There is no 化 in font pplr8t!
Missing character: There is no ， in font pplr8t!
Missing character: There is no 四 in font pplr8t!
Missing character: There is no 舍 in font pplr8t!
Missing character: There is no 五 in font pplr8t!
Missing character: There is no 入 in font pplr8t!
Missing character: There is no 取 in font pplr8t!
Missing character: There is no 整 in font pplr8t!
Missing character: There is no 。 in font pplr8t!
Missing character: There is no （ in font pplr8t!
Missing character: There is no 个 in font pplr8t!
Missing character: There is no 数 in font pplr8t!
Missing character: There is no 为 in font pplr8t!
Missing character: There is no 聚 in font pplr8t!
Missing character: There is no 类 in font pplr8t!
Missing character: There is no 的 in font pplr8t!
Missing character: There is no 权 in font pplr8t!
Missing character: There is no 重 in font pplr8t!
Missing character: There is no ） in font pplr8t!
Missing character: There is no 月 in font pplr8t!
Missing character: There is no 日 in font pplr8t!
Missing character: There is no 解 in font pplr8t!
Missing character: There is no 决 in font pplr8t!
Missing character: There is no 方 in font pplr8t!
Missing character: There is no 案 in font pplr8t!
Missing character: There is no ： in font pplr8t!
Missing character: There is no 考 in font pplr8t!
Missing character: There is no 虑 in font pplr8t!
Missing character: There is no 多 in font pplr8t!
Missing character: There is no 少 in font pplr8t!
Missing character: There is no 范 in font pplr8t!
Missing character: There is no 围 in font pplr8t!
Missing character: There is no 内 in font pplr8t!
Missing character: There is no 的 in font pplr8t!
Missing character: There is no 交 in font pplr8t!
Missing character: There is no 点 in font pplr8t!
Missing character: There is no 。 in font pplr8t!
Missing character: There is no 没 in font pplr8t!
Missing character: There is no 必 in font pplr8t!
Missing character: There is no 要 in font pplr8t!
Missing character: There is no 做 in font pplr8t!
Missing character: There is no 水 in font pplr8t!
Missing character: There is no 速 in font pplr8t!
Missing character: There is no 下 in font pplr8t!
Missing character: There is no 降 in font pplr8t!
Missing character: There is no ， in font pplr8t!
Missing character: There is no 权 in font pplr8t!
Missing character: There is no 重 in font pplr8t!
Missing character: There is no 也 in font pplr8t!
Missing character: There is no 不 in font pplr8t!
Missing character: There is no 好 in font pplr8t!
Missing character: There is no 做 in font pplr8t!
Missing character: There is no 。 in font pplr8t!
Missing character: There is no 反 in font pplr8t!
Missing character: There is no 射 in font pplr8t!
Missing character: There is no 线 in font pplr8t!
Missing character: There is no 其 in font pplr8t!
Missing character: There is no 中 in font pplr8t!
Missing character: There is no 之 in font pplr8t!
Missing character: There is no 一 in font pplr8t!
Missing character: There is no 为 in font pplr8t!
Missing character: There is no 即 in font pplr8t!
Missing character: There is no 无 in font pplr8t!
Missing character: There is no 法 in font pplr8t!
Missing character: There is no 交 in font pplr8t!
Missing character: There is no 出 in font pplr8t!
Missing character: There is no 交 in font pplr8t!
Missing character: There is no 点 in font pplr8t!
Missing character: There is no 了 in font pplr8t!
Missing character: There is no 。 in font pplr8t!
Missing character: There is no 建 in font pplr8t!
Missing character: There is no 议 in font pplr8t!
Missing character: There is no 还 in font pplr8t!
Missing character: There is no 是 in font pplr8t!
Missing character: There is no 采 in font pplr8t!
Missing character: There is no 用 in font pplr8t!
Missing character: There is no 比 in font pplr8t!
Missing character: There is no 较 in font pplr8t!
Missing character: There is no 快 in font pplr8t!
Missing character: There is no ， in font pplr8t!
Missing character: There is no 直 in font pplr8t!
Missing character: There is no 接 in font pplr8t!
Missing character: There is no 取 in font pplr8t!
Missing character: There is no 前 in font pplr8t!
Missing character: There is no 几 in font pplr8t!
Missing character: There is no 个 in font pplr8t!
Missing character: There is no 中 in font pplr8t!
Missing character: There is no 心 in font pplr8t!
Missing character: There is no 。 in font pplr8t!
Missing character: There is no 水 in font pplr8t!
Missing character: There is no 速 in font pplr8t!
Missing character: There is no 下 in font pplr8t!
Missing character: There is no 降 in font pplr8t!
Missing character: There is no 和 in font pplr8t!
Missing character: There is no 权 in font pplr8t!
Missing character: There is no 重 in font pplr8t!
Missing character: There is no 都 in font pplr8t!
Missing character: There is no 做 in font pplr8t!
Missing character: There is no 好 in font pplr8t!
Missing character: There is no 了 in font pplr8t!
Missing character: There is no 额 in font pplr8t!
Missing character: There is no 那 in font pplr8t!
Missing character: There is no 就 in font pplr8t!
Missing character: There is no 直 in font pplr8t!
Missing character: There is no 接 in font pplr8t!
Missing character: There is no 用 in font pplr8t!
Missing character: There is no 权 in font pplr8t!
Missing character: There is no 重 in font pplr8t!
Missing character: There is no 配 in font pplr8t!
Missing character: There is no 上 in font pplr8t!
Missing character: There is no 好 in font pplr8t!
Missing character: There is no 了 in font pplr8t!
Missing character: There is no 。 in font pplr8t!
Missing character: There is no 参 in font pplr8t!
Missing character: There is no 数 in font pplr8t!
Missing character: There is no （ in font pplr8t!
Missing character: There is no ） in font pplr8t!
Missing character: There is no 算 in font pplb8t!
Missing character: There is no 法 in font pplb8t!
[2]
File: output_5_0.png Graphic file (type bmp)
<output_5_0.png>

Underfull \hbox (badness 10000) in paragraph at lines 391--392

 []

Missing character: There is no 从 in font pplb8t!
Missing character: There is no 结 in font pplb8t!
Missing character: There is no 果 in font pplb8t!
Missing character: There is no 来 in font pplb8t!
Missing character: There is no 看 in font pplb8t!
Missing character: There is no ， in font pplb8t!
Missing character: There is no 水 in font pplb8t!
Missing character: There is no 速 in font pplb8t!
Missing character: There is no 随 in font pplb8t!
Missing character: There is no 着 in font pplb8t!
Missing character: There is no 远 in font pplb8t!
Missing character: There is no 离 in font pplb8t!
Missing character: There is no 海 in font pplb8t!
Missing character: There is no 岸 in font pplb8t!
Missing character: There is no 下 in font pplb8t!
Missing character: There is no 降 in font pplb8t!
Missing character: There is no 还 in font pplb8t!
Missing character: There is no 是 in font pplb8t!
Missing character: There is no 必 in font pplb8t!
Missing character: There is no 要 in font pplb8t!
Missing character: There is no 的 in font pplb8t!
Missing character: There is no 思 in font pplb8t!
Missing character: There is no 路 in font pplb8t!
Missing character: There is no 回 in font pplb8t!
Missing character: There is no 归 in font pplb8t!
Missing character: There is no 的 in font pplb8t!
Missing character: There is no 原 in font pplb8t!
Missing character: There is no 因 in font pplb8t!
Missing character: There is no 是 in font pplb8t!
Missing character: There is no 无 in font pplb8t!
Missing character: There is no 法 in font pplb8t!
Missing character: There is no 通 in font pplb8t!
Missing character: There is no 过 in font pplb8t!
Missing character: There is no 聚 in font pplb8t!
Missing character: There is no 类 in font pplb8t!
Missing character: There is no 完 in font pplb8t!
Missing character: There is no 成 in font pplb8t!
Missing character: There is no 此 in font pplb8t!
Missing character: There is no 类 in font pplb8t!
Missing character: There is no 任 in font pplb8t!
Missing character: There is no 务 in font pplb8t!
Missing character: There is no ， in font pplb8t!
Missing character: There is no 也 in font pplb8t!
Missing character: There is no 无 in font pplb8t!
Missing character: There is no 法 in font pplb8t!
Missing character: There is no 通 in font pplb8t!
Missing character: There is no 过 in font pplb8t!
LaTeX Font Info:    Font shape `U/msa/m/n' will be
(Font)              scaled to size 11.40997pt on input line 394.
LaTeX Font Info:    Font shape `U/msa/m/n' will be
(Font)              scaled to size 8.33606pt on input line 394.
LaTeX Font Info:    Font shape `U/msa/m/n' will be
(Font)              scaled to size 6.25204pt on input line 394.
LaTeX Font Info:    Font shape `U/msb/m/n' will be
(Font)              scaled to size 11.40997pt on input line 394.
LaTeX Font Info:    Font shape `U/msb/m/n' will be
(Font)              scaled to size 8.33606pt on input line 394.
LaTeX Font Info:    Font shape `U/msb/m/n' will be
(Font)              scaled to size 6.25204pt on input line 394.
Missing character: There is no 等 in font pplb8t!
Missing character: There is no 方 in font pplb8t!
Missing character: There is no 式 in font pplb8t!
Missing character: There is no 起 in font pplb8t!
Missing character: There is no 到 in font pplb8t!
Missing character: There is no 滤 in font pplb8t!
Missing character: There is no 去 in font pplb8t!
Missing character: There is no 远 in font pplb8t!
Missing character: There is no 离 in font pplb8t!
Missing character: There is no 海 in font pplb8t!
Missing character: There is no 岸 in font pplb8t!
Missing character: There is no 的 in font pplb8t!
Missing character: There is no 点 in font pplb8t!
Missing character: There is no ， in font pplb8t!
Missing character: There is no 甚 in font pplb8t!
Missing character: There is no 至 in font pplb8t!
Missing character: There is no 于 in font pplb8t!
Missing character: There is no ， in font pplb8t!
Missing character: There is no 远 in font pplb8t!
Missing character: There is no 离 in font pplb8t!
Missing character: There is no 海 in font pplb8t!
Missing character: There is no 岸 in font pplb8t!
Missing character: There is no 是 in font pplb8t!
Missing character: There is no 这 in font pplb8t!
Missing character: There is no 个 in font pplb8t!
Missing character: There is no 模 in font pplb8t!
Missing character: There is no 型 in font pplb8t!
Missing character: There is no 的 in font pplb8t!
Missing character: There is no 主 in font pplb8t!
Missing character: There is no 要 in font pplb8t!
Missing character: There is no 结 in font pplb8t!
Missing character: There is no 果 in font pplb8t!
Missing character: There is no 。 in font pplb8t!
Missing character: There is no 采 in font pplb8t!
Missing character: There is no 用 in font pplb8t!
Missing character: There is no 离 in font pplb8t!
Missing character: There is no 散 in font pplb8t!
Missing character: There is no 化 in font pplb8t!
Missing character: There is no 方 in font pplb8t!
Missing character: There is no 式 in font pplb8t!
Missing character: There is no 离 in font ec-lmtt10!
Missing character: There is no 散 in font ec-lmtt10!
Missing character: There is no 化 in font ec-lmtt10!
Missing character: There is no 前 in font ec-lmtt10!
Missing character: There is no 的 in font ec-lmtt10!
Missing character: There is no 交 in font ec-lmtt10!
Missing character: There is no 点 in font ec-lmtt10!
Missing character: There is no 数 in font ec-lmtt10!
Missing character: There is no 量 in font ec-lmtt10!
Missing character: There is no 为 in font ec-lmtt10!
Missing character: There is no 离 in font ec-lmtt10!
Missing character: There is no 散 in font ec-lmtt10!
Missing character: There is no 化 in font ec-lmtt10!
Missing character: There is no 前 in font ec-lmtt10!
Missing character: There is no 的 in font ec-lmtt10!
Missing character: There is no 交 in font ec-lmtt10!
Missing character: There is no 点 in font ec-lmtt10!
Missing character: There is no 数 in font ec-lmtt10!
Missing character: There is no 量 in font ec-lmtt10!
Missing character: There is no 为 in font ec-lmtt10!
[3]
Missing character: There is no 离 in font ec-lmtt10!
Missing character: There is no 散 in font ec-lmtt10!
Missing character: There is no 化 in font ec-lmtt10!
Missing character: There is no 后 in font ec-lmtt10!
Missing character: There is no 的 in font ec-lmtt10!
Missing character: There is no 交 in font ec-lmtt10!
Missing character: There is no 点 in font ec-lmtt10!
Missing character: There is no 数 in font ec-lmtt10!
Missing character: There is no 量 in font ec-lmtt10!
Missing character: There is no 为 in font ec-lmtt10!
Missing character: There is no 离 in font ec-lmtt10!
Missing character: There is no 散 in font ec-lmtt10!
Missing character: There is no 化 in font ec-lmtt10!
Missing character: There is no 后 in font ec-lmtt10!
Missing character: There is no 的 in font ec-lmtt10!
Missing character: There is no 交 in font ec-lmtt10!
Missing character: There is no 点 in font ec-lmtt10!
Missing character: There is no 数 in font ec-lmtt10!
Missing character: There is no 量 in font ec-lmtt10!
Missing character: There is no 为 in font ec-lmtt10!
Missing character: There is no 数 in font pplb8t!
Missing character: There is no 量 in font pplb8t!
Missing character: There is no 减 in font pplb8t!
Missing character: There is no 半 in font pplb8t!
Missing character: There is no ， in font pplb8t!
Missing character: There is no 但 in font pplb8t!
Missing character: There is no 我 in font pplb8t!
Missing character: There is no 觉 in font pplb8t!
Missing character: There is no 得 in font pplb8t!
Missing character: There is no 还 in font pplb8t!
Missing character: There is no 是 in font pplb8t!
Missing character: There is no 好 in font pplb8t!
Missing character: There is no 多 in font pplb8t!
Missing character: There is no 不 in font ec-lmtt10!
Missing character: There is no 是 in font ec-lmtt10!
Missing character: There is no 孤 in font ec-lmtt10!
Missing character: There is no 立 in font ec-lmtt10!
Missing character: There is no 点 in font ec-lmtt10!
Missing character: There is no 的 in font ec-lmtt10!
Missing character: There is no 交 in font ec-lmtt10!
Missing character: There is no 点 in font ec-lmtt10!
Missing character: There is no 数 in font ec-lmtt10!
Missing character: There is no 量 in font ec-lmtt10!
Missing character: There is no 为 in font ec-lmtt10!
Missing character: There is no 不 in font ec-lmtt10!
Missing character: There is no 是 in font ec-lmtt10!
Missing character: There is no 孤 in font ec-lmtt10!
Missing character: There is no 立 in font ec-lmtt10!
Missing character: There is no 点 in font ec-lmtt10!
Missing character: There is no 的 in font ec-lmtt10!
Missing character: There is no 交 in font ec-lmtt10!
Missing character: There is no 点 in font ec-lmtt10!
Missing character: There is no 数 in font ec-lmtt10!
Missing character: There is no 量 in font ec-lmtt10!
Missing character: There is no 为 in font ec-lmtt10!
Missing character: There is no 最 in font pplb8t!
Missing character: There is no 好 in font pplb8t!
Missing character: There is no 的 in font pplb8t!
Missing character: There is no 应 in font pplb8t!
Missing character: There is no 该 in font pplb8t!
Missing character: There is no 还 in font pplb8t!
Missing character: There is no 是 in font pplb8t!
Missing character: There is no 给 in font pplb8t!
Missing character: There is no 个 in font pplb8t!
Missing character: There is no 随 in font pplb8t!
Missing character: There is no 距 in font pplb8t!
Missing character: There is no 离 in font pplb8t!
Missing character: There is no 的 in font pplb8t!
Missing character: There is no 减 in font pplb8t!
Missing character: There is no 少 in font pplb8t!
Missing character: There is no ， in font pplb8t!
Missing character: There is no 因 in font pplb8t!
Missing character: There is no 为 in font pplb8t!
Missing character: There is no 有 in font pplb8t!
Missing character: There is no 些 in font pplb8t!
Missing character: There is no 点 in font pplb8t!
Missing character: There is no 离 in font pplb8t!
Missing character: There is no 水 in font pplb8t!
Missing character: There is no 流 in font pplb8t!
Missing character: There is no 的 in font pplb8t!
Missing character: There is no 出 in font pplb8t!
Missing character: There is no 发 in font pplb8t!
Missing character: There is no 点 in font pplb8t!
Missing character: There is no 还 in font pplb8t!
Missing character: There is no 是 in font pplb8t!
Missing character: There is no 太 in font pplb8t!
Missing character: There is no 远 in font pplb8t!
Missing character: There is no 了 in font pplb8t!
Missing character: There is no （ in font pplb8t!
Missing character: There is no 下 in font pplb8t!
Missing character: There is no 图 in font pplb8t!
Missing character: There is no 单 in font pplb8t!
Missing character: There is no 纯 in font pplb8t!
Missing character: There is no 得 in font pplb8t!
Missing character: There is no 找 in font pplb8t!
Missing character: There is no 出 in font pplb8t!
Missing character: There is no 了 in font pplb8t!
Missing character: There is no 四 in font pplb8t!
Missing character: There is no 舍 in font pplb8t!
Missing character: There is no 五 in font pplb8t!
Missing character: There is no 入 in font pplb8t!
Missing character: There is no 后 in font pplb8t!
Missing character: There is no 不 in font pplb8t!
Missing character: There is no 是 in font pplb8t!
Missing character: There is no 单 in font pplb8t!
Missing character: There is no 个 in font pplb8t!
Missing character: There is no 点 in font pplb8t!
Missing character: There is no 的 in font pplb8t!
Missing character: There is no 地 in font pplb8t!
Missing character: There is no 方 in font pplb8t!
Missing character: There is no ） in font pplb8t!
File: output_15_0.png Graphic file (type bmp)
<output_15_0.png>
 [4]
Underfull \hbox (badness 10000) in paragraph at lines 469--470

 []

File: output_16_0.png Graphic file (type bmp)
<output_16_0.png>

Underfull \hbox (badness 10000) in paragraph at lines 488--489

 []

[5]
Missing character: There is no 聚 in font pplb8t!
Missing character: There is no 类 in font pplb8t!
Missing character: There is no ， in font pplb8t!
Missing character: There is no 结 in font pplb8t!
Missing character: There is no 果 in font pplb8t!
Missing character: There is no 不 in font pplb8t!
Missing character: There is no 可 in font pplb8t!
Missing character: There is no 靠 in font pplb8t!
Missing character: There is no ， in font pplb8t!
Missing character: There is no 随 in font pplb8t!
Missing character: There is no 缘 in font pplb8t!
Missing character: There is no ， in font pplb8t!
Missing character: There is no 先 in font pplb8t!
Missing character: There is no 放 in font pplb8t!
Missing character: There is no 着 in font pplb8t!
Missing character: There is no ， in font pplb8t!
Missing character: There is no 缺 in font pplb8t!
Missing character: There is no 乏 in font pplb8t!
Missing character: There is no 了 in font pplb8t!
Missing character: There is no 极 in font pplb8t!
Missing character: There is no 其 in font pplb8t!
Missing character: There is no 重 in font pplb8t!
Missing character: There is no 要 in font pplb8t!
Missing character: There is no 的 in font pplb8t!
Missing character: There is no 密 in font pplb8t!
Missing character: There is no 度 in font pplb8t!
Missing character: There is no 信 in font pplb8t!
Missing character: There is no 息 in font pplb8t!
Missing character: There is no 现 in font pplb8t!
Missing character: There is no 在 in font pplb8t!
Missing character: There is no 好 in font pplb8t!
Missing character: There is no 了 in font pplb8t!
Missing character: There is no ， in font pplb8t!
Missing character: There is no 现 in font pplb8t!
Missing character: There is no 在 in font pplb8t!
Missing character: There is no 经 in font pplb8t!
Missing character: There is no 过 in font pplb8t!
Missing character: There is no 权 in font pplb8t!
Missing character: There is no 重 in font pplb8t!
Missing character: There is no 和 in font pplb8t!
Missing character: There is no 水 in font pplb8t!
Missing character: There is no 速 in font pplb8t!
Missing character: There is no 下 in font pplb8t!
Missing character: There is no 降 in font pplb8t!
Missing character: There is no 后 in font pplb8t!
Missing character: There is no ， in font pplb8t!
Missing character: There is no 数 in font pplb8t!
Missing character: There is no 量 in font pplb8t!
Missing character: There is no 少 in font pplb8t!
Missing character: There is no 到 in font pplb8t!
Missing character: There is no 可 in font pplb8t!
Missing character: There is no 以 in font pplb8t!
Missing character: There is no 进 in font pplb8t!
Missing character: There is no 行 in font pplb8t!
Missing character: There is no 聚 in font pplb8t!
Missing character: There is no 类 in font pplb8t!
Missing character: There is no 了 in font pplb8t!
File: output_21_0.png Graphic file (type bmp)
<output_21_0.png>
 [6]
Underfull \hbox (badness 10000) in paragraph at lines 542--543

 []

Missing character: There is no 水 in font pplb8t!
Missing character: There is no 速 in font pplb8t!
Missing character: There is no 下 in font pplb8t!
Missing character: There is no 降 in font pplb8t!
Missing character: There is no 模 in font pplb8t!
Missing character: There is no 型 in font pplb8t!
Missing character: There is no 这 in font pplr8t!
Missing character: There is no 几 in font pplr8t!
Missing character: There is no 乎 in font pplr8t!
Missing character: There is no 就 in font pplr8t!
Missing character: There is no 是 in font pplr8t!
Missing character: There is no 线 in font pplr8t!
Missing character: There is no 性 in font pplr8t!
Missing character: There is no 下 in font pplr8t!
Missing character: There is no 降 in font pplr8t!
Missing character: There is no 啊 in font pplr8t!
File: output_23_0.png Graphic file (type bmp)
<output_23_0.png>
[7]
Underfull \hbox (badness 10000) in paragraph at lines 559--560

 []

Missing character: There is no 自 in font pplb8t!
Missing character: There is no 定 in font pplb8t!
Missing character: There is no 义 in font pplb8t!
Missing character: There is no 水 in font pplb8t!
Missing character: There is no 流 in font pplb8t!
Missing character: There is no 下 in font pplb8t!
Missing character: There is no 降 in font pplb8t!
Missing character: There is no 模 in font pplb8t!
Missing character: There is no 型 in font pplb8t!
File: output_25_0.png Graphic file (type bmp)
<output_25_0.png>
[8]
Underfull \hbox (badness 10000) in paragraph at lines 580--581

 []

Package atveryend Info: Empty hook `BeforeClearDocument' on input line 599.
[9]
Package atveryend Info: Empty hook `AfterLastShipout' on input line 599.
 ("cal_center -0901.aux")
Package atveryend Info: Empty hook `AtVeryEndDocument' on input line 599.
Package atveryend Info: Executing hook `AtEndAfterFileList' on input line 599.
Package rerunfilecheck Info: File `"cal_center -0901".out' has not changed.
(rerunfilecheck)             Checksum: <no file>.
Package atveryend Info: Empty hook `AtVeryVeryEnd' on input line 599.
 ) 
Here is how much of TeX's memory you used:
 14163 strings out of 414222
 204124 string characters out of 2901800
 474038 words of memory out of 3000000
 31450 multiletter control sequences out of 15000+200000
 556621 words of font info for 86 fonts, out of 3000000 for 9000
 1348 hyphenation exceptions out of 8191
 41i,6n,47p,1250b,484s stack positions out of 5000i,500n,10000p,200000b,50000s

Output written on cal_center -0901.pdf (9 pages).
